# JRE version: OpenJDK Runtime Environment GraalVM CE 22.3.0 (17.0.5+8) (build 17.0.5+8-jvmci-22.3-b08)
# Java VM: OpenJDK 64-Bit Server VM GraalVM CE 22.3.0 (17.0.5+8-jvmci-22.3-b08, mixed mode, sharing, tiered, jvmci, jvmci compiler, compressed oops, compressed class ptrs, parallel gc, linux-amd64)
GC Precious Log:
 CPUs: 8 total, 1 available
 Memory: 1024M
 Large Page Support: Disabled
 NUMA Support: Disabled
 Compressed Oops: Enabled (32-bit)
 Alignments: Space 512K, Generation 512K, Heap 2M
 Heap Min Capacity: 100M
 Heap Initial Capacity: 100M
 Heap Max Capacity: 512M
 Pre-touch: Disabled
 Parallel Workers: 1
Heap:
 PSYoungGen      total 48640K, used 31232K [0x00000000f5580000, 0x00000000f9780000, 0x0000000100000000)
  eden space 31232K, 100% used [0x00000000f5580000,0x00000000f7400000,0x00000000f7400000)
  from space 17408K, 0% used [0x00000000f8500000,0x00000000f8500000,0x00000000f9600000)
  to   space 17408K, 0% used [0x00000000f7400000,0x00000000f7400000,0x00000000f8500000)
 ParOldGen       total 349696K, used 349695K [0x00000000e0000000, 0x00000000f5580000, 0x00000000f5580000)
  object space 349696K, 99% used [0x00000000e0000000,0x00000000f557fff0,0x00000000f5580000)
 Metaspace       used 61565K, committed 62592K, reserved 1105920K
  class space    used 6073K, committed 6528K, reserved 1048576K
GC Heap History (20 events):
Event: 1110.130 GC heap before
{Heap before GC invocations=873 (full 788):
 PSYoungGen      total 48640K, used 31231K [0x00000000f5580000, 0x00000000f9780000, 0x0000000100000000)
  eden space 31232K, 99% used [0x00000000f5580000,0x00000000f73ffff8,0x00000000f7400000)
  from space 17408K, 0% used [0x00000000f8500000,0x00000000f8500000,0x00000000f9600000)
  to   space 17408K, 0% used [0x00000000f7400000,0x00000000f7400000,0x00000000f8500000)
 ParOldGen       total 349696K, used 349693K [0x00000000e0000000, 0x00000000f5580000, 0x00000000f5580000)
  object space 349696K, 99% used [0x00000000e0000000,0x00000000f557f730,0x00000000f5580000)
 Metaspace       used 61565K, committed 62592K, reserved 1105920K
  class space    used 6073K, committed 6528K, reserved 1048576K
}
Event: 1111.530 GC heap after
{Heap after GC invocations=873 (full 788):
 PSYoungGen      total 48640K, used 31231K [0x00000000f5580000, 0x00000000f9780000, 0x0000000100000000)
  eden space 31232K, 99% used [0x00000000f5580000,0x00000000f73ffe50,0x00000000f7400000)
  from space 17408K, 0% used [0x00000000f7400000,0x00000000f7400000,0x00000000f8500000)
  to   space 17408K, 0% used [0x00000000f8500000,0x00000000f8500000,0x00000000f9600000)
 ParOldGen       total 349696K, used 349693K [0x00000000e0000000, 0x00000000f5580000, 0x00000000f5580000)
  object space 349696K, 99% used [0x00000000e0000000,0x00000000f557f668,0x00000000f5580000)
 Metaspace       used 61565K, committed 62592K, reserved 1105920K
  class space    used 6073K, committed 6528K, reserved 1048576K
}
Event: 1111.532 GC heap before
{Heap before GC invocations=874 (full 789):
 PSYoungGen      total 48640K, used 31232K [0x00000000f5580000, 0x00000000f9780000, 0x0000000100000000)
  eden space 31232K, 100% used [0x00000000f5580000,0x00000000f7400000,0x00000000f7400000)
  from space 17408K, 0% used [0x00000000f7400000,0x00000000f7400000,0x00000000f8500000)
  to   space 17408K, 0% used [0x00000000f8500000,0x00000000f8500000,0x00000000f9600000)
 ParOldGen       total 349696K, used 349693K [0x00000000e0000000, 0x00000000f5580000, 0x00000000f5580000)
  object space 349696K, 99% used [0x00000000e0000000,0x00000000f557f668,0x00000000f5580000)
 Metaspace       used 61565K, committed 62592K, reserved 1105920K
  class space    used 6073K, committed 6528K, reserved 1048576K
}
Event: 1112.732 GC heap after
{Heap after GC invocations=874 (full 789):
 PSYoungGen      total 48640K, used 31231K [0x00000000f5580000, 0x00000000f9780000, 0x0000000100000000)
  eden space 31232K, 99% used [0x00000000f5580000,0x00000000f73fffc0,0x00000000f7400000)
  from space 17408K, 0% used [0x00000000f8500000,0x00000000f8500000,0x00000000f9600000)
  to   space 17408K, 0% used [0x00000000f7400000,0x00000000f7400000,0x00000000f8500000)
 ParOldGen       total 349696K, used 349693K [0x00000000e0000000, 0x00000000f5580000, 0x00000000f5580000)
  object space 349696K, 99% used [0x00000000e0000000,0x00000000f557f668,0x00000000f5580000)
 Metaspace       used 61565K, committed 62592K, reserved 1105920K
  class space    used 6073K, committed 6528K, reserved 1048576K
}
Event: 1112.732 GC heap before
{Heap before GC invocations=875 (full 790):
 PSYoungGen      total 48640K, used 31232K [0x00000000f5580000, 0x00000000f9780000, 0x0000000100000000)
  eden space 31232K, 100% used [0x00000000f5580000,0x00000000f7400000,0x00000000f7400000)
  from space 17408K, 0% used [0x00000000f8500000,0x00000000f8500000,0x00000000f9600000)
  to   space 17408K, 0% used [0x00000000f7400000,0x00000000f7400000,0x00000000f8500000)
 ParOldGen       total 349696K, used 349693K [0x00000000e0000000, 0x00000000f5580000, 0x00000000f5580000)
  object space 349696K, 99% used [0x00000000e0000000,0x00000000f557f668,0x00000000f5580000)
 Metaspace       used 61565K, committed 62592K, reserved 1105920K
  class space    used 6073K, committed 6528K, reserved 1048576K
}
Event: 1114.118 GC heap after
{Heap after GC invocations=875 (full 790):
 PSYoungGen      total 48640K, used 31231K [0x00000000f5580000, 0x00000000f9780000, 0x0000000100000000)
  eden space 31232K, 99% used [0x00000000f5580000,0x00000000f73fffe0,0x00000000f7400000)
  from space 17408K, 0% used [0x00000000f7400000,0x00000000f7400000,0x00000000f8500000)
  to   space 17408K, 0% used [0x00000000f8500000,0x00000000f8500000,0x00000000f9600000)
 ParOldGen       total 349696K, used 349693K [0x00000000e0000000, 0x00000000f5580000, 0x00000000f5580000)
  object space 349696K, 99% used [0x00000000e0000000,0x00000000f557f648,0x00000000f5580000)
 Metaspace       used 61565K, committed 62592K, reserved 1105920K
  class space    used 6073K, committed 6528K, reserved 1048576K
}
Event: 1114.119 GC heap before
{Heap before GC invocations=876 (full 791):
 PSYoungGen      total 48640K, used 31232K [0x00000000f5580000, 0x00000000f9780000, 0x0000000100000000)
  eden space 31232K, 100% used [0x00000000f5580000,0x00000000f7400000,0x00000000f7400000)
  from space 17408K, 0% used [0x00000000f7400000,0x00000000f7400000,0x00000000f8500000)
  to   space 17408K, 0% used [0x00000000f8500000,0x00000000f8500000,0x00000000f9600000)
 ParOldGen       total 349696K, used 349693K [0x00000000e0000000, 0x00000000f5580000, 0x00000000f5580000)
  object space 349696K, 99% used [0x00000000e0000000,0x00000000f557f648,0x00000000f5580000)
 Metaspace       used 61565K, committed 62592K, reserved 1105920K
  class space    used 6073K, committed 6528K, reserved 1048576K
}
Event: 1115.325 GC heap after
{Heap after GC invocations=876 (full 791):
 PSYoungGen      total 48640K, used 31231K [0x00000000f5580000, 0x00000000f9780000, 0x0000000100000000)
  eden space 31232K, 99% used [0x00000000f5580000,0x00000000f73fffe0,0x00000000f7400000)
  from space 17408K, 0% used [0x00000000f8500000,0x00000000f8500000,0x00000000f9600000)
  to   space 17408K, 0% used [0x00000000f7400000,0x00000000f7400000,0x00000000f8500000)
 ParOldGen       total 349696K, used 349693K [0x00000000e0000000, 0x00000000f5580000, 0x00000000f5580000)
  object space 349696K, 99% used [0x00000000e0000000,0x00000000f557f648,0x00000000f5580000)
 Metaspace       used 61565K, committed 62592K, reserved 1105920K
  class space    used 6073K, committed 6528K, reserved 1048576K
}
Event: 1115.325 GC heap before
{Heap before GC invocations=877 (full 792):
 PSYoungGen      total 48640K, used 31231K [0x00000000f5580000, 0x00000000f9780000, 0x0000000100000000)
  eden space 31232K, 99% used [0x00000000f5580000,0x00000000f73ffff8,0x00000000f7400000)
  from space 17408K, 0% used [0x00000000f8500000,0x00000000f8500000,0x00000000f9600000)
  to   space 17408K, 0% used [0x00000000f7400000,0x00000000f7400000,0x00000000f8500000)
 ParOldGen       total 349696K, used 349693K [0x00000000e0000000, 0x00000000f5580000, 0x00000000f5580000)
  object space 349696K, 99% used [0x00000000e0000000,0x00000000f557f648,0x00000000f5580000)
 Metaspace       used 61565K, committed 62592K, reserved 1105920K
  class space    used 6073K, committed 6528K, reserved 1048576K
}
Event: 1116.589 GC heap after
{Heap after GC invocations=877 (full 792):
 PSYoungGen      total 48640K, used 31231K [0x00000000f5580000, 0x00000000f9780000, 0x0000000100000000)
  eden space 31232K, 99% used [0x00000000f5580000,0x00000000f73ffff8,0x00000000f7400000)
  from space 17408K, 0% used [0x00000000f7400000,0x00000000f7400000,0x00000000f8500000)
  to   space 17408K, 0% used [0x00000000f8500000,0x00000000f8500000,0x00000000f9600000)
 ParOldGen       total 349696K, used 349693K [0x00000000e0000000, 0x00000000f5580000, 0x00000000f5580000)
  object space 349696K, 99% used [0x00000000e0000000,0x00000000f557f648,0x00000000f5580000)
 Metaspace       used 61565K, committed 62592K, reserved 1105920K
  class space    used 6073K, committed 6528K, reserved 1048576K
}
Event: 1116.591 GC heap before
{Heap before GC invocations=878 (full 793):
 PSYoungGen      total 48640K, used 31231K [0x00000000f5580000, 0x00000000f9780000, 0x0000000100000000)
  eden space 31232K, 99% used [0x00000000f5580000,0x00000000f73ffff8,0x00000000f7400000)
  from space 17408K, 0% used [0x00000000f7400000,0x00000000f7400000,0x00000000f8500000)
  to   space 17408K, 0% used [0x00000000f8500000,0x00000000f8500000,0x00000000f9600000)
 ParOldGen       total 349696K, used 349696K [0x00000000e0000000, 0x00000000f5580000, 0x00000000f5580000)
  object space 349696K, 100% used [0x00000000e0000000,0x00000000f5580000,0x00000000f5580000)
 Metaspace       used 61565K, committed 62592K, reserved 1105920K
  class space    used 6073K, committed 6528K, reserved 1048576K
}
Event: 1117.934 GC heap after
{Heap after GC invocations=878 (full 793):
 PSYoungGen      total 48640K, used 31231K [0x00000000f5580000, 0x00000000f9780000, 0x0000000100000000)
  eden space 31232K, 99% used [0x00000000f5580000,0x00000000f73ffe30,0x00000000f7400000)
  from space 17408K, 0% used [0x00000000f8500000,0x00000000f8500000,0x00000000f9600000)
  to   space 17408K, 0% used [0x00000000f7400000,0x00000000f7400000,0x00000000f8500000)
 ParOldGen       total 349696K, used 349694K [0x00000000e0000000, 0x00000000f5580000, 0x00000000f5580000)
  object space 349696K, 99% used [0x00000000e0000000,0x00000000f557f900,0x00000000f5580000)
 Metaspace       used 61565K, committed 62592K, reserved 1105920K
  class space    used 6073K, committed 6528K, reserved 1048576K
}
Event: 1117.937 GC heap before
{Heap before GC invocations=879 (full 794):
 PSYoungGen      total 48640K, used 31232K [0x00000000f5580000, 0x00000000f9780000, 0x0000000100000000)
  eden space 31232K, 100% used [0x00000000f5580000,0x00000000f7400000,0x00000000f7400000)
  from space 17408K, 0% used [0x00000000f8500000,0x00000000f8500000,0x00000000f9600000)
  to   space 17408K, 0% used [0x00000000f7400000,0x00000000f7400000,0x00000000f8500000)
 ParOldGen       total 349696K, used 349694K [0x00000000e0000000, 0x00000000f5580000, 0x00000000f5580000)
  object space 349696K, 99% used [0x00000000e0000000,0x00000000f557f900,0x00000000f5580000)
 Metaspace       used 61565K, committed 62592K, reserved 1105920K
  class space    used 6073K, committed 6528K, reserved 1048576K
}
Event: 1119.189 GC heap after
{Heap after GC invocations=879 (full 794):
 PSYoungGen      total 48640K, used 31231K [0x00000000f5580000, 0x00000000f9780000, 0x0000000100000000)
  eden space 31232K, 99% used [0x00000000f5580000,0x00000000f73fff50,0x00000000f7400000)
  from space 17408K, 0% used [0x00000000f7400000,0x00000000f7400000,0x00000000f8500000)
  to   space 17408K, 0% used [0x00000000f8500000,0x00000000f8500000,0x00000000f9600000)
 ParOldGen       total 349696K, used 349694K [0x00000000e0000000, 0x00000000f5580000, 0x00000000f5580000)
  object space 349696K, 99% used [0x00000000e0000000,0x00000000f557f900,0x00000000f5580000)
 Metaspace       used 61565K, committed 62592K, reserved 1105920K
  class space    used 6073K, committed 6528K, reserved 1048576K
}
Event: 1119.190 GC heap before
{Heap before GC invocations=880 (full 795):
 PSYoungGen      total 48640K, used 31231K [0x00000000f5580000, 0x00000000f9780000, 0x0000000100000000)
  eden space 31232K, 99% used [0x00000000f5580000,0x00000000f73ffff8,0x00000000f7400000)
  from space 17408K, 0% used [0x00000000f7400000,0x00000000f7400000,0x00000000f8500000)
  to   space 17408K, 0% used [0x00000000f8500000,0x00000000f8500000,0x00000000f9600000)
 ParOldGen       total 349696K, used 349694K [0x00000000e0000000, 0x00000000f5580000, 0x00000000f5580000)
  object space 349696K, 99% used [0x00000000e0000000,0x00000000f557f900,0x00000000f5580000)
 Metaspace       used 61565K, committed 62592K, reserved 1105920K
  class space    used 6073K, committed 6528K, reserved 1048576K
}
Event: 1120.498 GC heap after
{Heap after GC invocations=880 (full 795):
 PSYoungGen      total 48640K, used 31231K [0x00000000f5580000, 0x00000000f9780000, 0x0000000100000000)
  eden space 31232K, 99% used [0x00000000f5580000,0x00000000f73ffff8,0x00000000f7400000)
  from space 17408K, 0% used [0x00000000f8500000,0x00000000f8500000,0x00000000f9600000)
  to   space 17408K, 0% used [0x00000000f7400000,0x00000000f7400000,0x00000000f8500000)
 ParOldGen       total 349696K, used 349694K [0x00000000e0000000, 0x00000000f5580000, 0x00000000f5580000)
  object space 349696K, 99% used [0x00000000e0000000,0x00000000f557f900,0x00000000f5580000)
 Metaspace       used 61565K, committed 62592K, reserved 1105920K
  class space    used 6073K, committed 6528K, reserved 1048576K
}
Event: 1120.499 GC heap before
{Heap before GC invocations=881 (full 796):
 PSYoungGen      total 48640K, used 31231K [0x00000000f5580000, 0x00000000f9780000, 0x0000000100000000)
  eden space 31232K, 99% used [0x00000000f5580000,0x00000000f73ffff8,0x00000000f7400000)
  from space 17408K, 0% used [0x00000000f8500000,0x00000000f8500000,0x00000000f9600000)
  to   space 17408K, 0% used [0x00000000f7400000,0x00000000f7400000,0x00000000f8500000)
 ParOldGen       total 349696K, used 349695K [0x00000000e0000000, 0x00000000f5580000, 0x00000000f5580000)
  object space 349696K, 99% used [0x00000000e0000000,0x00000000f557fff8,0x00000000f5580000)
 Metaspace       used 61565K, committed 62592K, reserved 1105920K
  class space    used 6073K, committed 6528K, reserved 1048576K
}
Event: 1121.723 GC heap after
{Heap after GC invocations=881 (full 796):
 PSYoungGen      total 48640K, used 31231K [0x00000000f5580000, 0x00000000f9780000, 0x0000000100000000)
  eden space 31232K, 99% used [0x00000000f5580000,0x00000000f73ffff8,0x00000000f7400000)
  from space 17408K, 0% used [0x00000000f7400000,0x00000000f7400000,0x00000000f8500000)
  to   space 17408K, 0% used [0x00000000f8500000,0x00000000f8500000,0x00000000f9600000)
 ParOldGen       total 349696K, used 349695K [0x00000000e0000000, 0x00000000f5580000, 0x00000000f5580000)
  object space 349696K, 99% used [0x00000000e0000000,0x00000000f557fea0,0x00000000f5580000)
 Metaspace       used 61565K, committed 62592K, reserved 1105920K
  class space    used 6073K, committed 6528K, reserved 1048576K
}
Event: 1121.723 GC heap before
{Heap before GC invocations=882 (full 797):
 PSYoungGen      total 48640K, used 31231K [0x00000000f5580000, 0x00000000f9780000, 0x0000000100000000)
  eden space 31232K, 99% used [0x00000000f5580000,0x00000000f73ffff8,0x00000000f7400000)
  from space 17408K, 0% used [0x00000000f7400000,0x00000000f7400000,0x00000000f8500000)
  to   space 17408K, 0% used [0x00000000f8500000,0x00000000f8500000,0x00000000f9600000)
 ParOldGen       total 349696K, used 349695K [0x00000000e0000000, 0x00000000f5580000, 0x00000000f5580000)
  object space 349696K, 99% used [0x00000000e0000000,0x00000000f557fea0,0x00000000f5580000)
 Metaspace       used 61565K, committed 62592K, reserved 1105920K
  class space    used 6073K, committed 6528K, reserved 1048576K
}
Event: 1123.085 GC heap after
{Heap after GC invocations=882 (full 797):
 PSYoungGen      total 48640K, used 31231K [0x00000000f5580000, 0x00000000f9780000, 0x0000000100000000)
  eden space 31232K, 99% used [0x00000000f5580000,0x00000000f73ffef8,0x00000000f7400000)
  from space 17408K, 0% used [0x00000000f8500000,0x00000000f8500000,0x00000000f9600000)
  to   space 17408K, 0% used [0x00000000f7400000,0x00000000f7400000,0x00000000f8500000)
 ParOldGen       total 349696K, used 349695K [0x00000000e0000000, 0x00000000f5580000, 0x00000000f5580000)
  object space 349696K, 99% used [0x00000000e0000000,0x00000000f557fdb8,0x00000000f5580000)
 Metaspace       used 61565K, committed 62592K, reserved 1105920K
  class space    used 6073K, committed 6528K, reserved 1048576K
}

